saksap@rediffmail.com:SLAYER253
umero536@gmail.com:SLAYER640
avidmcindoe16@hotmail.com:SLAYER844
aiofy4492@gmail.com:SLAYER275
cmjbarr@verizon.net:SLAYER060
iglioa@gmail.com:SLAYER679
uliebunney5@live.co.uk:SLAYER194
jt@live.co.uk:SLAYER396
anij.cuny@yahoo.com:SLAYER680
astanturk@gmail.com:SLAYER907
arim_choudar@hotmail.fr:SLAYER690
vair@yahoo.com:SLAYER423
unjayhuang@yahoo.com.tw:SLAYER200
irere2b@gmail.com:SLAYER219
zy89@naver.com:SLAYER033
ouisejanecollins@Gmail.com:SLAYER917
es-1119@hanmail.net:SLAYER903
arapiccinini@hotmail.es:SLAYER728
urghaashiniragu@gmail.com:SLAYER736
mwells16@live.com:SLAYER519
awaharramesh95@gmail.com:SLAYER636
ucasno@uol.com.br:SLAYER292
ivelisa@gmail.com:SLAYER658
pallmeyer@hotmail.com:SLAYER209
olltide0651@gmail.com:SLAYER209
haralamposkostakis@hotmail.com:SLAYER023
oberta.rollandoz@gmail.com:SLAYER605
orresizquierdo67@gmail.com:SLAYER497
lcileyjunior@yahoo.com:SLAYER610
onhul@nate.com:SLAYER013
red76780@sfr.fr:SLAYER834
atuhan190700@gmail.com:SLAYER556
araymarin96@gmail.com:SLAYER047
valerogarza@gmail.com:SLAYER169
iotrekjurekstarachowice@gmail.com:SLAYER567
arthazor@gmail.com:SLAYER309
ickronco@gmail.com:SLAYER452
hloe.amantrading@aol.com:SLAYER620
gloch@izoom.net:SLAYER350
ierriya@hotmail.com:SLAYER969
iriampuig01@gmail.com:SLAYER103
imonacisterna@gmail.com:SLAYER897
tansel.eood@gmail.com:SLAYER370
arabulltammie@gmail.com:SLAYER155
cooterih@yahoo.com:SLAYER279
aleharris258@yahoo.co.uk:SLAYER234
imaofficial89@gmail.com:SLAYER344
v.gottwald@t-online.de:SLAYER693
ebora.lima.tavares@hotmail.com:SLAYER360
on48@outlook.com:SLAYER872
ree_spirit40@hotmail.com:SLAYER486
ousk1224@naver.com:SLAYER992
epattillo@comcast.net:SLAYER470
shley.mariiiie.murray@gmail.com:SLAYER854
unter18892@gmail.com:SLAYER731
ravcibeyza@gmail.com:SLAYER133
hellnovak@gmail.com:SLAYER037
icklehman45@gmail.com:SLAYER356
arolina.l.polo@gmail.com:SLAYER207
reppikatia@gmail.com:SLAYER969
otfimannai1@gmail.com:SLAYER026
armown.rhay@gmail.com:SLAYER153
stellamcastanedes@gmail.com:SLAYER042
mminor@live.com:SLAYER921
emi.treze@gmail.com:SLAYER281
erchisss@live.com:SLAYER966
razercs@gmail.com:SLAYER193
aud.lakhal@gmail.com:SLAYER470
inhamona6@gmail.com:SLAYER007
arinaortizsanchez1990@hotmail.com:SLAYER002
ido.10@outlook.com:SLAYER253
uperalex_sj@naver.com:SLAYER140
andrine.vigliano@gmail.com:SLAYER985
ebeccagrageda@gmail.com:SLAYER667
jlasky@hotmail.com:SLAYER144
aylor.carvajal@gmail.com:SLAYER094
duran36522@gmail.com:SLAYER710
ishika94.aiesec@gmail.com:SLAYER224
enniferchianese82@gmail.com:SLAYER075
ileyjames4eva2010@yahoo.co.uk:SLAYER727
ae4264@naver.com:SLAYER457
bdolahrawaby@gmail.com:SLAYER628
ymalmzh76@gmail.com:SLAYER053
edicpk981@aol.com:SLAYER330
issuk.b@gmail.com:SLAYER840
meera.omar1991@gmail.com:SLAYER617
ngie77@naver.com:SLAYER236
yun0121@naver.com:SLAYER051
tevedemp@hotmail.com:SLAYER296
mayfield91@gmail.com:SLAYER637
ehtadivya642@gmail.com:SLAYER797
ennschnecke2971@gmx.de:SLAYER784
ujin5866@naver.com:SLAYER656
onchini.carrelage@hotmail.fr:SLAYER460
arolecreation@orange.fr:SLAYER451
h94v@naver.com:SLAYER821
ddie@eddiebent.co.uk:SLAYER927
oollmamaa@gmail.com:SLAYER660
zauerzsu@gmail.com:SLAYER500
arion.silvin@hotmail.com:SLAYER616
llysu6220@gmail.com:SLAYER563
hua.hariz@gmail.com:SLAYER711
osepmpl35@yahoo.es:SLAYER642
lison1479@hotmail.com:SLAYER619
bujanda@hotmail.com:SLAYER756
2kmobile@gmail.com:SLAYER705
taceykwong_1211@hotmail.com:SLAYER560
arah8donnelly@hotmail.co.uk:SLAYER690
ocooler@naver.com:SLAYER568
harles.talbot@hotmail.co.uk:SLAYER521
lodean@hotmail.fr:SLAYER214
icjysavage@gmail.com:SLAYER801
ieramoney@gmail.com:SLAYER328
gwizdek2@gmail.com:SLAYER684
orabpe@hotmail.com:SLAYER561
asza.marci10@gmail.com:SLAYER845
ichellealisha@hotmail.com:SLAYER461
hazza34@aol.com:SLAYER716
ireyma@vitrac.es:SLAYER613
nastasiabuchmiller@web.de:SLAYER032
jhealy92291@gmail.com:SLAYER756
mmawright3@hotmail.co.uk:SLAYER364
inuom2003@yahoo.fr:SLAYER589
_ahearn@hotmail.com:SLAYER062
hay.nahdi28@gmail.com:SLAYER250
uzior13@gmail.com:SLAYER935
elville_love@yahoo.co.uk:SLAYER510
irginiodevito@gmail.com:SLAYER823
tephaniedeltoro568@gmail.com:SLAYER859
ikiwski@hotmail.com:SLAYER626
ariawaller13@yahoo.co.uk:SLAYER157
la27.ee@gmail.com:SLAYER714
s805999@gmail.com:SLAYER559
nnahunte90@gmx.de:SLAYER221
ndremoll@gmx.de:SLAYER989
hairiasraff11@gmail.com:SLAYER344
s.fofaa.mmh@hotmail.com:SLAYER192
ollierosepercival@gmail.com:SLAYER129
ally.b85@libero.it:SLAYER880
jkasnya@gmail.com:SLAYER998
.quatraro@live.it:SLAYER676
eth.albury@hotmail.co.uk:SLAYER248
aldemar-thiel@web.de:SLAYER211
ebeccaj786@yahoo.co.uk:SLAYER257
etitpoirier@hotmail.fr:SLAYER128
gahuman@gmail.com:SLAYER812
tefan_arnold@rocketmail.com:SLAYER025
aracolb@yahoo.com:SLAYER606
eilraymond@email.com:SLAYER703
uncy90@hotmail.co.uk:SLAYER217
liciah180h@gmail.com:SLAYER539
ucasruan099@gmail.com:SLAYER890
l.tsorakis@gmail.com:SLAYER561
vankuhn@hotmail.es:SLAYER165
utzorietta@gmail.com:SLAYER221
inodsimran@yahoo.com:SLAYER400
icolecookson1994@hotmail.co.uk:SLAYER627
alnchrg@gmail.com:SLAYER201
dh0554@naver.com:SLAYER362
emonparker@vodamail.co.za:SLAYER256
hreally007@hotmail.com:SLAYER740
orothymtetwa21@live.co.uk:SLAYER103
angxsam@gmail.com:SLAYER470
rnie.harper@gmail.com:SLAYER417
harlotte.lynch@hotmail.com:SLAYER254
athryn_magee@hotmail.co.uk:SLAYER063
ernandamauer@hotmail.com:SLAYER951
eiski@aol.com:SLAYER312
orkdog_07@hotmail.com:SLAYER116
eidack3@gmail.com:SLAYER131
ariajefa@hotmail.com:SLAYER037
umandi97@gmail.com:SLAYER011
ay.woods1986@gmail.com:SLAYER792
adrid.jony@gmail.com:SLAYER151
hyanmichael17@yahoo.com:SLAYER141
ulieharchalk@msn.com:SLAYER215
elestetierney@yahoo.com:SLAYER918
eahagge98@web.de:SLAYER961
olelandon91@gmail.com:SLAYER904
anjayduttpant19@gmail.com:SLAYER529
tul.drknmiet@gmail.com:SLAYER637
repakgyorgy@gmail.com:SLAYER033
sannuliis@gmail.com:SLAYER728
ce.morgado@hotmail.com:SLAYER597
ruganka124@gmail.com:SLAYER430
aldekhadidiatou@hotmail.com:SLAYER815
eneroesanti@libero.it:SLAYER582
mmcguigan@hotmail.com:SLAYER810
ogitak25@gmail.com:SLAYER518
molkuba@op.pl:SLAYER253
oyaltamanna161@gmail.com:SLAYER682
teherc@gmail.com:SLAYER291
arzellamoses@gmail.com:SLAYER865
oyalpalace@naver.com:SLAYER915
peet@hotmail.co.uk:SLAYER802
ass202020@hanmail.net:SLAYER161
anetlee32@hotmail.com:SLAYER930
insonxp@yahoo.com.tw:SLAYER112
igster31@gmail.com:SLAYER645
1parimala11@gmail.com:SLAYER302
suzsa.hermann75@gmail.com:SLAYER595
arkelf_97@yahoo.com:SLAYER775
ijoykaiservarughese@gmail.com:SLAYER104
lbinokim79@gmail.com:SLAYER671
lordelis89@hotmail.com:SLAYER801
hin31@hotmail.com:SLAYER892
ekaunna18@yahoo.com:SLAYER582
arahalderaiei@gmail.com:SLAYER270
askia.dopmeier@yahoo.de:SLAYER413
anielaizoli@hotmail.com:SLAYER718
oakim.mohn@gmail.com:SLAYER726
vlad0810@gmail.com:SLAYER414
milemath@naver.com:SLAYER741
lmatrooshi473@gmail.com:SLAYER039
la10130@onet.eu:SLAYER830
atimmazen@gmail.com:SLAYER657
abianadela04@gmail.com:SLAYER702
.tekaya@yahoo.fr:SLAYER257
abbig_96@hotmail.co.uk:SLAYER825
ason.aupy16cognac@gmail.com:SLAYER597
sma-noreen@hotmail.co.uk:SLAYER862
.buechler@gmx.net:SLAYER038
va.weisensee@googlemail.com:SLAYER362
225605303@gmail.com:SLAYER900
ino@ef-elec.co.uk:SLAYER537
oanouneel@gmail.com:SLAYER219
erry47@btinternet.com:SLAYER913
ntr999999@gmail.com:SLAYER806
ilip.juranic@gmail.com:SLAYER004
usanna.cenedese@gmail.com:SLAYER689
essica0x@hotmail.co.uk:SLAYER465
upersaltyalpaca@gmail.com:SLAYER846
arbara.leslie@hotmail.co.uk:SLAYER236
oug3555@gmail.com:SLAYER509
hereeza@hotmail.co.nz:SLAYER385
oenkeniebuhr1@gmx.de:SLAYER880
r-fhd-a-s@hotmail.com:SLAYER602
af0104@gmail.com:SLAYER858
pilatos@gmail.com:SLAYER199
arateodoro13@gmail.com:SLAYER477
aki6995@gmail.com:SLAYER510
devine@live.co.uk:SLAYER492
iviana.marano@outlook.it:SLAYER720
asilina_tut@icloud.com:SLAYER500
ebbiecolon80@gmail.com:SLAYER804
cheng629@gmail.com:SLAYER008
.ishyishtiaq@hotmail.co.uk:SLAYER611
ackson-moreira_@hotmail.com:SLAYER240
illyashton1@hotmail.co.uk:SLAYER622
waruphegde@gmail.com:SLAYER506
choa.aj98@gmail.com:SLAYER745
orasil@yahoo.es:SLAYER220
anasiegling@web.de:SLAYER572
abriel.ramos1999@hotmail.com:SLAYER359
gtomaiuolo@gmail.com:SLAYER326
amtikka@gmail.com:SLAYER156
ulsrose2012@gmail.com:SLAYER866
umarvaibhav.kvinger@gmail.com:SLAYER339
hailesh.kumar1185@gmail.com:SLAYER214
hadhoule@gmail.com:SLAYER983
jjoy0119@hanmail.net:SLAYER968
brahimthamir2001@gmail.com:SLAYER742
eghna_v85@hotmail.com:SLAYER007
estwing@eircom.net:SLAYER371
hloegardner236@yahoo.com:SLAYER825
icardo.scouts@gmail.com:SLAYER179
eldmansimon@hotmail.com:SLAYER239
cconvillepaulj@aol.com:SLAYER532
liviajeandewolfe@gmail.com:SLAYER571
onelamercin96@yahoo.com:SLAYER733
iguelfarrugia@gmail.com:SLAYER722
_a64@hotmail.com:SLAYER892
ejanetseng@gmail.com:SLAYER069
illoute73@hotmail.fr:SLAYER593
mauryhue@hotmail.com:SLAYER902
adox31@gmail.com:SLAYER602
rikaramsey1991@gmail.com:SLAYER917
arryeasterwood@gmail.com:SLAYER485
lovejamsandwiches@live.co.uk:SLAYER904
ina_shashati@hotmail.co.uk:SLAYER466
45rpm@naver.com:SLAYER030
ancypatu@hotmail.com:SLAYER231
ollidayjadin@yahoo.com:SLAYER503
e0rgak0s@hotmail.com:SLAYER241
csantella@gmail.com:SLAYER548
esnicois@Hotmail.fr:SLAYER087
urbey@hotmail.com:SLAYER856
ebrar@live.de:SLAYER844
amonabadvillares@yahoo.es:SLAYER784
obr998@gmail.com:SLAYER924
illybell62@hotmail.co.uk:SLAYER751
ariethec@yahoo.fr:SLAYER283
aregrant65@gmail.com:SLAYER505
abiriccetto@hotmail.com:SLAYER096
ilyemuko@yahoo.co.uk:SLAYER346
u.ri@gmx.net:SLAYER806
erodsanon.hs@gmail.com:SLAYER268
kjohnson24@yahoo.com:SLAYER078
alambet@gmail.com:SLAYER465
oao.manoel.13@hotmail.com:SLAYER757
